<?xml version="1.0" encoding="UTF-8"?>
<!-- Generated by org.testng.reporters.JUnitReportReporter -->
<testsuite skipped="0" hostname="win7-PC" name="com.alayacare.testcases.HotelSearchTest" tests="1" failures="0" timestamp="12 Nov 2018 01:33:36 GMT" time="3.141" errors="0">
  <testcase name="hotelBooking" time="3.141" classname="com.alayacare.testcases.HotelSearchTest"/>
</testsuite> <!-- com.alayacare.testcases.HotelSearchTest -->
