<?xml version="1.0" encoding="UTF-8"?>
<!-- Generated by org.testng.reporters.JUnitReportReporter -->
<testsuite skipped="0" hostname="win7-PC" name="com.alayacare.testcases.LoginPageTest" tests="2" failures="0" timestamp="12 Nov 2018 00:44:43 GMT" time="3.323" errors="0">
  <testcase name="verifyIncorrectUserCredentials" time="1.509" classname="com.alayacare.testcases.LoginPageTest"/>
  <testcase name="verifyLogInFuntionality" time="1.814" classname="com.alayacare.testcases.LoginPageTest"/>
</testsuite> <!-- com.alayacare.testcases.LoginPageTest -->
